<?xml version="1.0" encoding="UTF-8"?>
<testsuite xmlns:xsi="http://www.w3.org/2001/XMLSchema-instance" xsi:noNamespaceSchemaLocation="https://maven.apache.org/surefire/maven-surefire-plugin/xsd/surefire-test-report.xsd" name="Project2JavaFXTest" time="0.035" tests="21" errors="0" skipped="0" failures="0">
  <properties>
    <property name="java.specification.version" value="14"/>
    <property name="sun.cpu.isalist" value="amd64"/>
    <property name="sun.jnu.encoding" value="Cp1252"/>
    <property name="java.class.path" value="C:\Users\atrex\OneDrive - University of Illinois at Chicago\CS 342\Projects\mchau5acabral_project2\mchau5acabral_project2\target\test-classes;C:\Users\atrex\OneDrive - University of Illinois at Chicago\CS 342\Projects\mchau5acabral_project2\mchau5acabral_project2\target\classes;C:\Users\atrex\.m2\repository\org\junit\jupiter\junit-jupiter\5.6.2\junit-jupiter-5.6.2.jar;C:\Users\atrex\.m2\repository\org\junit\jupiter\junit-jupiter-api\5.6.2\junit-jupiter-api-5.6.2.jar;C:\Users\atrex\.m2\repository\org\apiguardian\apiguardian-api\1.1.0\apiguardian-api-1.1.0.jar;C:\Users\atrex\.m2\repository\org\opentest4j\opentest4j\1.2.0\opentest4j-1.2.0.jar;C:\Users\atrex\.m2\repository\org\junit\platform\junit-platform-commons\1.6.2\junit-platform-commons-1.6.2.jar;C:\Users\atrex\.m2\repository\org\junit\jupiter\junit-jupiter-params\5.6.2\junit-jupiter-params-5.6.2.jar;C:\Users\atrex\.m2\repository\org\junit\jupiter\junit-jupiter-engine\5.6.2\junit-jupiter-engine-5.6.2.jar;C:\Users\atrex\.m2\repository\org\junit\platform\junit-platform-engine\1.6.2\junit-platform-engine-1.6.2.jar;C:\Users\atrex\.m2\repository\org\openjfx\javafx-controls\12.0.1\javafx-controls-12.0.1.jar;C:\Users\atrex\.m2\repository\org\openjfx\javafx-controls\12.0.1\javafx-controls-12.0.1-win.jar;C:\Users\atrex\.m2\repository\org\openjfx\javafx-graphics\12.0.1\javafx-graphics-12.0.1.jar;C:\Users\atrex\.m2\repository\org\openjfx\javafx-graphics\12.0.1\javafx-graphics-12.0.1-win.jar;C:\Users\atrex\.m2\repository\org\openjfx\javafx-base\12.0.1\javafx-base-12.0.1.jar;C:\Users\atrex\.m2\repository\org\openjfx\javafx-base\12.0.1\javafx-base-12.0.1-win.jar;C:\Users\atrex\.m2\repository\org\openjfx\javafx-fxml\12\javafx-fxml-12.jar;C:\Users\atrex\.m2\repository\org\openjfx\javafx-fxml\12\javafx-fxml-12-win.jar;"/>
    <property name="java.vm.vendor" value="Oracle Corporation"/>
    <property name="sun.arch.data.model" value="64"/>
    <property name="user.variant" value=""/>
    <property name="java.vendor.url" value="https://java.oracle.com/"/>
    <property name="user.timezone" value="America/Chicago"/>
    <property name="os.name" value="Windows 10"/>
    <property name="java.vm.specification.version" value="14"/>
    <property name="sun.java.launcher" value="SUN_STANDARD"/>
    <property name="user.country" value="US"/>
    <property name="sun.boot.library.path" value="C:\Program Files\Java\jdk-14.0.2\bin"/>
    <property name="sun.java.command" value="C:\Users\atrex\AppData\Local\Temp\surefire14903156277657163046\surefirebooter13546285923970620723.jar C:\Users\atrex\AppData\Local\Temp\surefire14903156277657163046 2020-10-18T21-26-16_761-jvmRun1 surefire11923502803875314280tmp surefire_03688108060734979092tmp"/>
    <property name="jdk.debug" value="release"/>
    <property name="surefire.test.class.path" value="C:\Users\atrex\OneDrive - University of Illinois at Chicago\CS 342\Projects\mchau5acabral_project2\mchau5acabral_project2\target\test-classes;C:\Users\atrex\OneDrive - University of Illinois at Chicago\CS 342\Projects\mchau5acabral_project2\mchau5acabral_project2\target\classes;C:\Users\atrex\.m2\repository\org\junit\jupiter\junit-jupiter\5.6.2\junit-jupiter-5.6.2.jar;C:\Users\atrex\.m2\repository\org\junit\jupiter\junit-jupiter-api\5.6.2\junit-jupiter-api-5.6.2.jar;C:\Users\atrex\.m2\repository\org\apiguardian\apiguardian-api\1.1.0\apiguardian-api-1.1.0.jar;C:\Users\atrex\.m2\repository\org\opentest4j\opentest4j\1.2.0\opentest4j-1.2.0.jar;C:\Users\atrex\.m2\repository\org\junit\platform\junit-platform-commons\1.6.2\junit-platform-commons-1.6.2.jar;C:\Users\atrex\.m2\repository\org\junit\jupiter\junit-jupiter-params\5.6.2\junit-jupiter-params-5.6.2.jar;C:\Users\atrex\.m2\repository\org\junit\jupiter\junit-jupiter-engine\5.6.2\junit-jupiter-engine-5.6.2.jar;C:\Users\atrex\.m2\repository\org\junit\platform\junit-platform-engine\1.6.2\junit-platform-engine-1.6.2.jar;C:\Users\atrex\.m2\repository\org\openjfx\javafx-controls\12.0.1\javafx-controls-12.0.1.jar;C:\Users\atrex\.m2\repository\org\openjfx\javafx-controls\12.0.1\javafx-controls-12.0.1-win.jar;C:\Users\atrex\.m2\repository\org\openjfx\javafx-graphics\12.0.1\javafx-graphics-12.0.1.jar;C:\Users\atrex\.m2\repository\org\openjfx\javafx-graphics\12.0.1\javafx-graphics-12.0.1-win.jar;C:\Users\atrex\.m2\repository\org\openjfx\javafx-base\12.0.1\javafx-base-12.0.1.jar;C:\Users\atrex\.m2\repository\org\openjfx\javafx-base\12.0.1\javafx-base-12.0.1-win.jar;C:\Users\atrex\.m2\repository\org\openjfx\javafx-fxml\12\javafx-fxml-12.jar;C:\Users\atrex\.m2\repository\org\openjfx\javafx-fxml\12\javafx-fxml-12-win.jar;"/>
    <property name="sun.cpu.endian" value="little"/>
    <property name="user.home" value="C:\Users\atrex"/>
    <property name="user.language" value="en"/>
    <property name="java.specification.vendor" value="Oracle Corporation"/>
    <property name="java.version.date" value="2020-07-14"/>
    <property name="java.home" value="C:\Program Files\Java\jdk-14.0.2"/>
    <property name="file.separator" value="\"/>
    <property name="basedir" value="C:\Users\atrex\OneDrive - University of Illinois at Chicago\CS 342\Projects\mchau5acabral_project2\mchau5acabral_project2"/>
    <property name="java.vm.compressedOopsMode" value="Zero based"/>
    <property name="line.separator" value="&#10;"/>
    <property name="java.vm.specification.vendor" value="Oracle Corporation"/>
    <property name="java.specification.name" value="Java Platform API Specification"/>
    <property name="surefire.real.class.path" value="C:\Users\atrex\AppData\Local\Temp\surefire14903156277657163046\surefirebooter13546285923970620723.jar"/>
    <property name="user.script" value=""/>
    <property name="sun.management.compiler" value="HotSpot 64-Bit Tiered Compilers"/>
    <property name="java.runtime.version" value="14.0.2+12-46"/>
    <property name="user.name" value="atrex"/>
    <property name="path.separator" value=";"/>
    <property name="os.version" value="10.0"/>
    <property name="java.runtime.name" value="Java(TM) SE Runtime Environment"/>
    <property name="file.encoding" value="Cp1252"/>
    <property name="java.vm.name" value="Java HotSpot(TM) 64-Bit Server VM"/>
    <property name="localRepository" value="C:\Users\atrex\.m2\repository"/>
    <property name="java.vendor.url.bug" value="https://bugreport.java.com/bugreport/"/>
    <property name="java.io.tmpdir" value="C:\Users\atrex\AppData\Local\Temp\"/>
    <property name="idea.version" value="2020.2.3"/>
    <property name="java.version" value="14.0.2"/>
    <property name="user.dir" value="C:\Users\atrex\OneDrive - University of Illinois at Chicago\CS 342\Projects\mchau5acabral_project2\mchau5acabral_project2"/>
    <property name="os.arch" value="amd64"/>
    <property name="java.vm.specification.name" value="Java Virtual Machine Specification"/>
    <property name="sun.os.patch.level" value=""/>
    <property name="java.library.path" value="C:\Program Files\Java\jdk-14.0.2\bin;C:\Windows\Sun\Java\bin;C:\Windows\system32;C:\Windows;C:\Program Files (x86)\Common Files\Oracle\Java\javapath;C:\Program Files (x86)\Razer Chroma SDK\bin;C:\Program Files\Razer Chroma SDK\bin;C:\Program Files (x86)\Razer\ChromaBroadcast\bin;C:\Program Files\Razer\ChromaBroadcast\bin;C:\Windows\system32;C:\Windows;C:\Windows\System32\Wbem;C:\Windows\System32\WindowsPowerShell\v1.0\;C:\Windows\System32\OpenSSH\;C:\Program Files\NVIDIA Corporation\NVIDIA NvDLISR;C:\Program Files (x86)\NVIDIA Corporation\PhysX\Common;C:\Windows\system32\config\systemprofile\AppData\Local\Microsoft\WindowsApps;C:\Program Files\Microsoft SQL Server\130\Tools\Binn\;C:\Program Files\dotnet\;C:\Program Files\Java\jdk-14.0.2\bin;C:\Program Files\apache-maven-3.6.3-bin\apache-maven-3.6.3\bin;C:\Users\atrex\AppData\Local\Programs\AdoptOpenJDK\bin;C:\Users\atrex\AppData\Local\Microsoft\WindowsApps;;C:\Users\atrex\AppData\Local\Programs\Microsoft VS Code\bin;."/>
    <property name="java.vm.info" value="mixed mode, sharing"/>
    <property name="java.vendor" value="Oracle Corporation"/>
    <property name="java.vm.version" value="14.0.2+12-46"/>
    <property name="sun.io.unicode.encoding" value="UnicodeLittle"/>
    <property name="java.class.version" value="58.0"/>
  </properties>
  <testcase name="testSetIntersection" classname="Project2JavaFXTest" time="0.009"/>
  <testcase name="testMaximumSelections10" classname="Project2JavaFXTest" time="0"/>
  <testcase name="testG1" classname="Project2JavaFXTest" time="0.001"/>
  <testcase name="testG2" classname="Project2JavaFXTest" time="0"/>
  <testcase name="testG4" classname="Project2JavaFXTest" time="0.001"/>
  <testcase name="testG5" classname="Project2JavaFXTest" time="0"/>
  <testcase name="testG6" classname="Project2JavaFXTest" time="0.001"/>
  <testcase name="testG7" classname="Project2JavaFXTest" time="0"/>
  <testcase name="earningsMethodTest1" classname="Project2JavaFXTest" time="0.001"/>
  <testcase name="earningsMethodTest2" classname="Project2JavaFXTest" time="0"/>
  <testcase name="earningsMethodTest3" classname="Project2JavaFXTest" time="0.001"/>
  <testcase name="earningsMethodTest4" classname="Project2JavaFXTest" time="0"/>
  <testcase name="testSetDrawCount10" classname="Project2JavaFXTest" time="0"/>
  <testcase name="testSetWorksCorrectly" classname="Project2JavaFXTest" time="0"/>
  <testcase name="testMaximumSelections1" classname="Project2JavaFXTest" time="0"/>
  <testcase name="testMaximumSelections4" classname="Project2JavaFXTest" time="0.001"/>
  <testcase name="testMaximumSelections8" classname="Project2JavaFXTest" time="0"/>
  <testcase name="testSetWorksWithRandomNumbers" classname="Project2JavaFXTest" time="0"/>
  <testcase name="testSetDrawCount1" classname="Project2JavaFXTest" time="0"/>
  <testcase name="testSetDrawCount4" classname="Project2JavaFXTest" time="0"/>
  <testcase name="testSetDrawCount8" classname="Project2JavaFXTest" time="0"/>
</testsuite>